{"level":"error"}
{"level":"error"}
{"level":"error","message":"Cannot read properties of null (reading 'products')"}
{"level":"error","message":"Cannot read properties of null (reading 'products')"}
{"level":"error","message":"Cannot read properties of null (reading 'products')"}
{"level":"error","message":"Cannot read properties of null (reading 'products')"}
{"level":"error","message":"Cannot read properties of null (reading 'products')"}
{"level":"error","message":"Cannot read properties of null (reading 'products')"}
{"level":"error","message":"Cannot read properties of null (reading 'products')"}
{"level":"error","message":"Cannot read properties of null (reading 'products')"}
{"code":20003,"level":"error","moreInfo":"https://www.twilio.com/docs/errors/20003","status":401}
{"level":"error","message":"Cannot read properties of null (reading 'products')"}
{"_message":"Cart validation failed","errors":{"products.0._id":{"kind":"ObjectId","message":"Cast to ObjectId failed for value \"Promise { <pending> }\" (type Promise) at path \"_id\" because of \"BSONTypeError\"","name":"CastError","path":"_id","reason":{},"stringValue":"\"Promise { <pending> }\"","value":{},"valueType":"Promise"},"products.0.name":{"kind":"required","message":"Path `name` is required.","name":"ValidatorError","path":"name","properties":{"message":"Path `name` is required.","path":"name","type":"required"}},"products.0.photo_url":{"kind":"required","message":"Path `photo_url` is required.","name":"ValidatorError","path":"photo_url","properties":{"message":"Path `photo_url` is required.","path":"photo_url","type":"required"}},"products.0.price":{"kind":"required","message":"Path `price` is required.","name":"ValidatorError","path":"price","properties":{"message":"Path `price` is required.","path":"price","type":"required"}},"products.0.stock":{"kind":"required","message":"Path `stock` is required.","name":"ValidatorError","path":"stock","properties":{"message":"Path `stock` is required.","path":"stock","type":"required"}}},"level":"error","message":"Cart validation failed: products.0._id: Cast to ObjectId failed for value \"Promise { <pending> }\" (type Promise) at path \"_id\" because of \"BSONTypeError\", products.0.photo_url: Path `photo_url` is required., products.0.stock: Path `stock` is required., products.0.price: Path `price` is required., products.0.name: Path `name` is required.","name":"ValidationError"}
{"_message":"Cart validation failed","errors":{"products.0._id":{"kind":"ObjectId","message":"Cast to ObjectId failed for value \"Promise {\n  {\n    _id: new ObjectId(\"637c4806e4169cfdcc44e281\"),\n    name: 'schreck',\n    price: 1000,\n    stock: 100,\n    photo_url: 'https://i.pinimg.com/236x/ce/59/83/ce59837dd46efcaa5549a75bf2b1e443.jpg',\n    description: 'lorem',\n    createdAt: 2022-11-22T03:54:46.336Z,\n    updatedAt: 2022-11-22T03:54:46.336Z,\n    __v: 0\n  }\n}\" (type Promise) at path \"_id\" because of \"BSONTypeError\"","name":"CastError","path":"_id","reason":{},"stringValue":"\"Promise {\n  {\n    _id: new ObjectId(\"637c4806e4169cfdcc44e281\"),\n    name: 'schreck',\n    price: 1000,\n    stock: 100,\n    photo_url: 'https://i.pinimg.com/236x/ce/59/83/ce59837dd46efcaa5549a75bf2b1e443.jpg',\n    description: 'lorem',\n    createdAt: 2022-11-22T03:54:46.336Z,\n    updatedAt: 2022-11-22T03:54:46.336Z,\n    __v: 0\n  }\n}\"","value":{},"valueType":"Promise"},"products.0.name":{"kind":"required","message":"Path `name` is required.","name":"ValidatorError","path":"name","properties":{"message":"Path `name` is required.","path":"name","type":"required"}},"products.0.photo_url":{"kind":"required","message":"Path `photo_url` is required.","name":"ValidatorError","path":"photo_url","properties":{"message":"Path `photo_url` is required.","path":"photo_url","type":"required"}},"products.0.price":{"kind":"required","message":"Path `price` is required.","name":"ValidatorError","path":"price","properties":{"message":"Path `price` is required.","path":"price","type":"required"}},"products.0.stock":{"kind":"required","message":"Path `stock` is required.","name":"ValidatorError","path":"stock","properties":{"message":"Path `stock` is required.","path":"stock","type":"required"}}},"level":"error","message":"Cart validation failed: products.0._id: Cast to ObjectId failed for value \"Promise {\n  {\n    _id: new ObjectId(\"637c4806e4169cfdcc44e281\"),\n    name: 'schreck',\n    price: 1000,\n    stock: 100,\n    photo_url: 'https://i.pinimg.com/236x/ce/59/83/ce59837dd46efcaa5549a75bf2b1e443.jpg',\n    description: 'lorem',\n    createdAt: 2022-11-22T03:54:46.336Z,\n    updatedAt: 2022-11-22T03:54:46.336Z,\n    __v: 0\n  }\n}\" (type Promise) at path \"_id\" because of \"BSONTypeError\", products.0.photo_url: Path `photo_url` is required., products.0.stock: Path `stock` is required., products.0.price: Path `price` is required., products.0.name: Path `name` is required.","name":"ValidationError"}
{"_message":"Cart validation failed","errors":{"products.0._id":{"kind":"ObjectId","message":"Cast to ObjectId failed for value \"Promise {\n  {\n    _id: new ObjectId(\"637c4806e4169cfdcc44e281\"),\n    name: 'schreck',\n    price: 1000,\n    stock: 100,\n    photo_url: 'https://i.pinimg.com/236x/ce/59/83/ce59837dd46efcaa5549a75bf2b1e443.jpg',\n    description: 'lorem',\n    createdAt: 2022-11-22T03:54:46.336Z,\n    updatedAt: 2022-11-22T03:54:46.336Z,\n    __v: 0\n  }\n}\" (type Promise) at path \"_id\" because of \"BSONTypeError\"","name":"CastError","path":"_id","reason":{},"stringValue":"\"Promise {\n  {\n    _id: new ObjectId(\"637c4806e4169cfdcc44e281\"),\n    name: 'schreck',\n    price: 1000,\n    stock: 100,\n    photo_url: 'https://i.pinimg.com/236x/ce/59/83/ce59837dd46efcaa5549a75bf2b1e443.jpg',\n    description: 'lorem',\n    createdAt: 2022-11-22T03:54:46.336Z,\n    updatedAt: 2022-11-22T03:54:46.336Z,\n    __v: 0\n  }\n}\"","value":{},"valueType":"Promise"},"products.0.name":{"kind":"required","message":"Path `name` is required.","name":"ValidatorError","path":"name","properties":{"message":"Path `name` is required.","path":"name","type":"required"}},"products.0.photo_url":{"kind":"required","message":"Path `photo_url` is required.","name":"ValidatorError","path":"photo_url","properties":{"message":"Path `photo_url` is required.","path":"photo_url","type":"required"}},"products.0.price":{"kind":"required","message":"Path `price` is required.","name":"ValidatorError","path":"price","properties":{"message":"Path `price` is required.","path":"price","type":"required"}},"products.0.stock":{"kind":"required","message":"Path `stock` is required.","name":"ValidatorError","path":"stock","properties":{"message":"Path `stock` is required.","path":"stock","type":"required"}}},"level":"error","message":"Cart validation failed: products.0._id: Cast to ObjectId failed for value \"Promise {\n  {\n    _id: new ObjectId(\"637c4806e4169cfdcc44e281\"),\n    name: 'schreck',\n    price: 1000,\n    stock: 100,\n    photo_url: 'https://i.pinimg.com/236x/ce/59/83/ce59837dd46efcaa5549a75bf2b1e443.jpg',\n    description: 'lorem',\n    createdAt: 2022-11-22T03:54:46.336Z,\n    updatedAt: 2022-11-22T03:54:46.336Z,\n    __v: 0\n  }\n}\" (type Promise) at path \"_id\" because of \"BSONTypeError\", products.0.photo_url: Path `photo_url` is required., products.0.stock: Path `stock` is required., products.0.price: Path `price` is required., products.0.name: Path `name` is required.","name":"ValidationError"}
{"code":20003,"level":"error","moreInfo":"https://www.twilio.com/docs/errors/20003","status":401}
{"level":"error","message":"Cannot read properties of null (reading 'products')"}
{"level":"error","message":"Cannot read properties of null (reading 'products')"}
{"level":"error","message":"Cannot read properties of null (reading 'products')"}
{"level":"error","message":"Cannot read properties of null (reading 'products')"}
{"code":20003,"level":"error","moreInfo":"https://www.twilio.com/docs/errors/20003","status":401}
{"level":"error"}
{"level":"error"}
{"level":"error"}
{"level":"error"}
{"level":"error"}
{"level":"error","message":"Cannot read properties of undefined (reading 'getById')"}
{"level":"error","message":"Cannot read properties of undefined (reading 'getById')"}
{"level":"error","message":"Cannot read properties of undefined (reading 'getById')"}
{"level":"error","message":"Cannot read properties of undefined (reading 'getById')"}
{"level":"error","message":"Cannot read properties of undefined (reading 'getById')"}
{"level":"error","message":"Cannot read properties of undefined (reading 'getById')"}
{"level":"error","message":"Cannot read properties of undefined (reading 'getById')"}
{"level":"error","message":"Cannot read properties of undefined (reading 'getById')"}
{"level":"error","message":"Cannot read properties of undefined (reading 'getById')"}
{"level":"error","message":"Cannot read properties of undefined (reading 'getById')"}
{"level":"error","message":"Cannot read properties of undefined (reading 'getById')"}
{"level":"error","message":"Cannot read properties of undefined (reading 'getById')"}
{"level":"error","message":"Cannot read properties of undefined (reading 'getById')"}
{"level":"error","message":"Cannot read properties of undefined (reading 'getById')"}
{"level":"error","message":"Cannot read properties of undefined (reading 'getById')"}
{"level":"error","message":"Cannot read properties of undefined (reading 'getById')"}
{"level":"error","message":"error al cargar producto al carrito Cannot read properties of undefined (reading 'getById')"}
{"level":"error","message":"error al cargar producto al carrito Cannot read properties of undefined (reading 'getById')"}
{"level":"error","message":"error al cargar producto al carrito Cannot read properties of undefined (reading 'getById')"}
{"level":"error","message":"Cannot read properties of undefined (reading 'products')"}
{"level":"error","message":"Cannot read properties of undefined (reading 'products')"}
{"level":"error","message":"Cannot read properties of undefined (reading 'products')"}
{"level":"error","message":"Cannot read properties of undefined (reading 'products')"}
{"level":"error","message":"Cannot read properties of undefined (reading 'products')"}
{"level":"error","message":"Cannot read properties of undefined (reading 'products')"}
{"level":"error","message":" aca en el post delete Cannot read properties of undefined (reading 'products')"}
{"level":"error","message":" aca en el post delete Cannot read properties of undefined (reading 'products')"}
{"level":"error","message":" aca en el get Cannot read properties of undefined (reading '_id')"}
{"level":"error","message":" aca en el get Cannot read properties of undefined (reading '_id')"}
{"level":"error","message":" aca en el post Cannot read properties of undefined (reading 'products')"}
{"level":"error","message":"error al cargar producto al carrito this.getItemById is not a function"}
{"level":"error","message":"error al cargar producto al carrito Cannot read properties of undefined (reading 'products')"}
{"level":"error","message":"error al cargar producto al carrito Cannot read properties of undefined (reading 'products')"}
{"level":"error","message":"error al cargar producto al carrito Cannot read properties of undefined (reading 'products')"}
{"level":"error","message":"error al cargar producto al carrito Cannot read properties of undefined (reading 'products')"}
{"level":"error","message":"error al cargar producto al carrito Cannot read properties of undefined (reading 'products')"}
{"level":"error","message":"error al cargar producto al carrito Cannot read properties of undefined (reading 'products')"}
{"level":"error","message":"error al cargar producto al carrito Cannot read properties of undefined (reading 'products')"}
{"level":"error","message":"error al cargar producto al carrito Cannot read properties of undefined (reading 'products')"}
{"level":"error","message":"error al cargar producto al carrito Cannot read properties of undefined (reading 'products')"}
{"level":"error","message":" aca en el get Cannot read properties of undefined (reading '_id')"}
{"level":"error","message":" aca en el get Cannot read properties of undefined (reading '_id')"}
{"level":"error","message":" aca en el get Cannot read properties of undefined (reading '_id')"}
{"level":"error","message":" aca en el get Cannot read properties of undefined (reading '_id')"}
{"level":"error","message":" aca en el get Cannot read properties of undefined (reading '_id')"}
{"level":"error","message":" aca en el get Cannot read properties of undefined (reading '_id')"}
{"code":20003,"level":"error","moreInfo":"https://www.twilio.com/docs/errors/20003","status":401}
{"level":"error","message":" aca en el post Cannot read properties of null (reading 'products')"}
{"code":20003,"level":"error","moreInfo":"https://www.twilio.com/docs/errors/20003","status":401}
{"level":"error","message":" aca en el post Cannot read properties of null (reading 'products')"}
{"level":"error","message":" aca en el post Cannot read properties of null (reading 'products')"}
{"code":20003,"level":"error","moreInfo":"https://www.twilio.com/docs/errors/20003","status":401}
{"level":"error","message":" aca en el post Cannot read properties of null (reading 'products')"}
{"code":20003,"level":"error","moreInfo":"https://www.twilio.com/docs/errors/20003","status":401}
{"level":"error","message":" aca en el post Cannot read properties of null (reading 'products')"}
{"code":20003,"level":"error","moreInfo":"https://www.twilio.com/docs/errors/20003","status":401}
{"level":"error","message":" aca en el post Cannot read properties of null (reading 'products')"}
{"level":"error","message":" aca en el post Cannot read properties of null (reading 'products')"}
{"code":20003,"level":"error","moreInfo":"https://www.twilio.com/docs/errors/20003","status":401}
{"level":"error","message":" aca en el post Cannot read properties of null (reading 'products')"}
{"level":"error","message":" aca en el get Cannot read properties of undefined (reading '_id')"}
{"code":20003,"level":"error","moreInfo":"https://www.twilio.com/docs/errors/20003","status":401}
{"level":"error","message":" aca en el get Cannot read properties of null (reading '_id')"}
{"code":20003,"level":"error","moreInfo":"https://www.twilio.com/docs/errors/20003","status":401}
{"level":"error","message":" aca en el post Cannot read properties of null (reading 'products')"}
{"level":"error","message":" aca en el post Cannot read properties of null (reading 'products')"}
{"level":"error","message":" aca en el post Cannot read properties of null (reading 'products')"}
{"level":"error","message":" aca en el post Cannot read properties of null (reading 'products')"}
{"code":20003,"level":"error","moreInfo":"https://www.twilio.com/docs/errors/20003","status":401}
{"level":"error","message":" aca en el post Cannot read properties of null (reading 'products')"}
{"level":"error","message":" aca en el post Cannot read properties of null (reading 'products')"}
{"level":"error"}
{"level":"error"}
{"level":"error"}
{"level":"error","message":"deleteProduct:Product is not defined"}
{"level":"error","message":"deleteProduct:products.deleteOne is not a function"}
{"code":20003,"level":"error","moreInfo":"https://www.twilio.com/docs/errors/20003","status":401}
{"level":"error"}
{"level":"error"}
{"level":"error"}
{"level":"error"}
{"level":"error","message":"this.getItemById is not a function"}
{"level":"error","message":"Cannot read properties of null (reading 'remove')"}
{"level":"error","message":"findByIdAndUpdate is not defined"}
{"level":"error","message":"findByIdAndUpdate is not defined"}
{"level":"error","message":"findByIdAndUpdate is not defined"}
{"level":"error","message":"cartId is not defined"}
{"level":"error","message":"Cannot access 'id' before initialization"}
{"level":"error","message":"deleteCartProduct: Cannot access 'id' before initialization"}
{"level":"error","message":"deleteCartProduct: Cannot read properties of null (reading 'products')"}
{"_message":"Cart validation failed","errors":{"products.0.name":{"kind":"required","message":"Path `name` is required.","name":"ValidatorError","path":"name","properties":{"message":"Path `name` is required.","path":"name","type":"required"}},"products.0.photo_url":{"kind":"required","message":"Path `photo_url` is required.","name":"ValidatorError","path":"photo_url","properties":{"message":"Path `photo_url` is required.","path":"photo_url","type":"required"}},"products.0.price":{"kind":"required","message":"Path `price` is required.","name":"ValidatorError","path":"price","properties":{"message":"Path `price` is required.","path":"price","type":"required"}},"products.0.stock":{"kind":"required","message":"Path `stock` is required.","name":"ValidatorError","path":"stock","properties":{"message":"Path `stock` is required.","path":"stock","type":"required"}}},"level":"error","message":"Cart validation failed: products.0.photo_url: Path `photo_url` is required., products.0.stock: Path `stock` is required., products.0.price: Path `price` is required., products.0.name: Path `name` is required.","name":"ValidationError"}
{"_message":"Cart validation failed","errors":{"products.0.name":{"kind":"required","message":"Path `name` is required.","name":"ValidatorError","path":"name","properties":{"message":"Path `name` is required.","path":"name","type":"required"}},"products.0.photo_url":{"kind":"required","message":"Path `photo_url` is required.","name":"ValidatorError","path":"photo_url","properties":{"message":"Path `photo_url` is required.","path":"photo_url","type":"required"}},"products.0.price":{"kind":"required","message":"Path `price` is required.","name":"ValidatorError","path":"price","properties":{"message":"Path `price` is required.","path":"price","type":"required"}},"products.0.stock":{"kind":"required","message":"Path `stock` is required.","name":"ValidatorError","path":"stock","properties":{"message":"Path `stock` is required.","path":"stock","type":"required"}}},"level":"error","message":"Cart validation failed: products.0.photo_url: Path `photo_url` is required., products.0.stock: Path `stock` is required., products.0.price: Path `price` is required., products.0.name: Path `name` is required.","name":"ValidationError"}
{"code":20003,"level":"error","moreInfo":"https://www.twilio.com/docs/errors/20003","status":401}
{"level":"error","message":"deleteCartProduct:res.stop is not a function"}
{"level":"error","message":"deleteCartProduct:res.JSON is not a function"}
{"level":"error","message":" addAproductToCart: res.done is not a function"}
{"level":"error","message":" addAproductToCart: res.ok is not a function"}
{"level":"error","message":" addAproductToCart: res.ok is not a function"}
{"level":"error","message":" addAproductToCart: alert is not defined"}
{"level":"error","message":" addAproductToCart: res.sendStatus(...).alert is not a function"}
{"level":"error","message":" addAproductToCart: res.next is not a function"}
{"level":"error","message":" addAproductToCart: Cannot set headers after they are sent to the client"}
{"level":"error","message":" addAproductToCart: cart.products.getById is not a function"}
{"level":"error","message":"cart.find is not a function"}
{"level":"error","message":"cart.find is not a function"}
{"level":"error","message":"en modify product cart cart.find is not a function"}
{"level":"error","message":"en modify product cart product is not defined"}
{"level":"error","message":"en modify product cart product is not defined"}
{"code":20003,"level":"error","moreInfo":"https://www.twilio.com/docs/errors/20003","status":401}
{"level":"error","message":"en modify product cart Updating the path 'products.$.updatedAt' would create a conflict at 'products.$'"}
{"level":"error","message":"en modify product cart Updating the path 'products.$.updatedAt' would create a conflict at 'products.$'"}
{"level":"error","message":"en modify product cart Updating the path 'products.$.updatedAt' would create a conflict at 'products.$'"}
{"_message":"Cart validation failed","errors":{"products.0.quantity":{"kind":"required","message":"Path `quantity` is required.","name":"ValidatorError","path":"quantity","properties":{"message":"Path `quantity` is required.","path":"quantity","type":"required"}}},"level":"error","message":"Cart validation failed: products.0.quantity: Path `quantity` is required.","name":"ValidationError"}
{"level":"error","message":"deleteCartProduct:res.redirec is not a function"}
{"code":20003,"level":"error","moreInfo":"https://www.twilio.com/docs/errors/20003","status":401}
{"level":"error","message":" getCart : Cannot read properties of null (reading '_id')"}
{"kind":"ObjectId","message":"Cast to ObjectId failed for value \"styles.css\" (type string) at path \"_id\" for model \"products\"","name":"CastError","path":"_id","reason":{},"stringValue":"\"styles.css\"","value":"styles.css","valueType":"string"}
{"kind":"ObjectId","message":"Cast to ObjectId failed for value \"client.js\" (type string) at path \"_id\" for model \"products\"","name":"CastError","path":"_id","reason":{},"stringValue":"\"client.js\"","value":"client.js","valueType":"string"}
{"kind":"ObjectId","message":"Cast to ObjectId failed for value \"styles.css\" (type string) at path \"_id\" for model \"products\"","name":"CastError","path":"_id","reason":{},"stringValue":"\"styles.css\"","value":"styles.css","valueType":"string"}
{"kind":"ObjectId","message":"Cast to ObjectId failed for value \"client.js\" (type string) at path \"_id\" for model \"products\"","name":"CastError","path":"_id","reason":{},"stringValue":"\"client.js\"","value":"client.js","valueType":"string"}
{"kind":"ObjectId","message":"Cast to ObjectId failed for value \"styles.css\" (type string) at path \"_id\" for model \"products\"","name":"CastError","path":"_id","reason":{},"stringValue":"\"styles.css\"","value":"styles.css","valueType":"string"}
{"kind":"ObjectId","message":"Cast to ObjectId failed for value \"client.js\" (type string) at path \"_id\" for model \"products\"","name":"CastError","path":"_id","reason":{},"stringValue":"\"client.js\"","value":"client.js","valueType":"string"}
{"kind":"ObjectId","message":"Cast to ObjectId failed for value \"styles.css\" (type string) at path \"_id\" for model \"products\"","name":"CastError","path":"_id","reason":{},"stringValue":"\"styles.css\"","value":"styles.css","valueType":"string"}
{"kind":"ObjectId","message":"Cast to ObjectId failed for value \"client.js\" (type string) at path \"_id\" for model \"products\"","name":"CastError","path":"_id","reason":{},"stringValue":"\"client.js\"","value":"client.js","valueType":"string"}
{"kind":"ObjectId","message":"Cast to ObjectId failed for value \"styles.css\" (type string) at path \"_id\" for model \"products\"","name":"CastError","path":"_id","reason":{},"stringValue":"\"styles.css\"","value":"styles.css","valueType":"string"}
{"kind":"ObjectId","message":"Cast to ObjectId failed for value \"client.js\" (type string) at path \"_id\" for model \"products\"","name":"CastError","path":"_id","reason":{},"stringValue":"\"client.js\"","value":"client.js","valueType":"string"}
{"kind":"ObjectId","message":"Cast to ObjectId failed for value \"styles.css\" (type string) at path \"_id\" for model \"products\"","name":"CastError","path":"_id","reason":{},"stringValue":"\"styles.css\"","value":"styles.css","valueType":"string"}
{"kind":"ObjectId","message":"Cast to ObjectId failed for value \"client.js\" (type string) at path \"_id\" for model \"products\"","name":"CastError","path":"_id","reason":{},"stringValue":"\"client.js\"","value":"client.js","valueType":"string"}
{"level":"error","message":"getProductByIdCannot read properties of undefined (reading 'name')"}
{"level":"error","message":"getProductByIdCannot read properties of undefined (reading 'name')"}
{"kind":"ObjectId","message":"Cast to ObjectId failed for value \"alt=\"Card\" (type string) at path \"_id\" for model \"products\"","name":"CastError","path":"_id","reason":{},"stringValue":"\"alt=\"Card\"","value":"alt=\"Card","valueType":"string"}
{"level":"error","message":"getProductByIdCannot read properties of undefined (reading '_id')"}
{"kind":"ObjectId","message":"Cast to ObjectId failed for value \"styles.css\" (type string) at path \"_id\" for model \"products\"","name":"CastError","path":"_id","reason":{},"stringValue":"\"styles.css\"","value":"styles.css","valueType":"string"}
{"kind":"ObjectId","message":"Cast to ObjectId failed for value \"client.js\" (type string) at path \"_id\" for model \"products\"","name":"CastError","path":"_id","reason":{},"stringValue":"\"client.js\"","value":"client.js","valueType":"string"}
{"level":"error","message":"getProductByIdCannot read properties of undefined (reading '_id')"}
{"level":"error","message":"getProductByIdCannot read properties of undefined (reading '_id')"}
{"kind":"ObjectId","message":"Cast to ObjectId failed for value \"styles.css\" (type string) at path \"_id\" for model \"products\"","name":"CastError","path":"_id","reason":{},"stringValue":"\"styles.css\"","value":"styles.css","valueType":"string"}
{"kind":"ObjectId","message":"Cast to ObjectId failed for value \"client.js\" (type string) at path \"_id\" for model \"products\"","name":"CastError","path":"_id","reason":{},"stringValue":"\"client.js\"","value":"client.js","valueType":"string"}
{"level":"error","message":"getProductByIdCannot read properties of undefined (reading '_id')"}
{"level":"error","message":"getProductByIdCannot read properties of undefined (reading '_id')"}
{"kind":"ObjectId","message":"Cast to ObjectId failed for value \"styles.css\" (type string) at path \"_id\" for model \"products\"","name":"CastError","path":"_id","reason":{},"stringValue":"\"styles.css\"","value":"styles.css","valueType":"string"}
{"kind":"ObjectId","message":"Cast to ObjectId failed for value \"client.js\" (type string) at path \"_id\" for model \"products\"","name":"CastError","path":"_id","reason":{},"stringValue":"\"client.js\"","value":"client.js","valueType":"string"}
{"level":"error","message":"getProductByIdCannot read properties of undefined (reading '_id')"}
{"level":"error","message":"getProductByIdCannot read properties of undefined (reading '_id')"}
{"kind":"ObjectId","message":"Cast to ObjectId failed for value \"styles.css\" (type string) at path \"_id\" for model \"products\"","name":"CastError","path":"_id","reason":{},"stringValue":"\"styles.css\"","value":"styles.css","valueType":"string"}
{"level":"error","message":"getProductByIdCannot read properties of undefined (reading '_id')"}
{"kind":"ObjectId","message":"Cast to ObjectId failed for value \"client.js\" (type string) at path \"_id\" for model \"products\"","name":"CastError","path":"_id","reason":{},"stringValue":"\"client.js\"","value":"client.js","valueType":"string"}
{"level":"error","message":"getProductByIdCannot read properties of undefined (reading '_id')"}
{"kind":"ObjectId","message":"Cast to ObjectId failed for value \"client.js\" (type string) at path \"_id\" for model \"products\"","name":"CastError","path":"_id","reason":{},"stringValue":"\"client.js\"","value":"client.js","valueType":"string"}
{"kind":"ObjectId","message":"Cast to ObjectId failed for value \"styles.css\" (type string) at path \"_id\" for model \"products\"","name":"CastError","path":"_id","reason":{},"stringValue":"\"styles.css\"","value":"styles.css","valueType":"string"}
{"level":"error","message":"getProductByIdCannot read properties of undefined (reading 'name')"}
{"level":"error","message":"getProductByIdCannot read properties of undefined (reading 'name')"}
{"kind":"ObjectId","message":"Cast to ObjectId failed for value \"styles.css\" (type string) at path \"_id\" for model \"products\"","name":"CastError","path":"_id","reason":{},"stringValue":"\"styles.css\"","value":"styles.css","valueType":"string"}
{"level":"error","message":"getProductByIdCannot read properties of undefined (reading 'name')"}
{"kind":"ObjectId","message":"Cast to ObjectId failed for value \"client.js\" (type string) at path \"_id\" for model \"products\"","name":"CastError","path":"_id","reason":{},"stringValue":"\"client.js\"","value":"client.js","valueType":"string"}
{"level":"error","message":"getProductByIdCannot read properties of undefined (reading 'name')"}
{"kind":"ObjectId","message":"Cast to ObjectId failed for value \"styles.css\" (type string) at path \"_id\" for model \"products\"","name":"CastError","path":"_id","reason":{},"stringValue":"\"styles.css\"","value":"styles.css","valueType":"string"}
{"kind":"ObjectId","message":"Cast to ObjectId failed for value \"client.js\" (type string) at path \"_id\" for model \"products\"","name":"CastError","path":"_id","reason":{},"stringValue":"\"client.js\"","value":"client.js","valueType":"string"}
{"kind":"ObjectId","message":"Cast to ObjectId failed for value \"styles.css\" (type string) at path \"_id\" for model \"products\"","name":"CastError","path":"_id","reason":{},"stringValue":"\"styles.css\"","value":"styles.css","valueType":"string"}
{"kind":"ObjectId","message":"Cast to ObjectId failed for value \"client.js\" (type string) at path \"_id\" for model \"products\"","name":"CastError","path":"_id","reason":{},"stringValue":"\"client.js\"","value":"client.js","valueType":"string"}
{"kind":"ObjectId","message":"Cast to ObjectId failed for value \"styles.css\" (type string) at path \"_id\" for model \"products\"","name":"CastError","path":"_id","reason":{},"stringValue":"\"styles.css\"","value":"styles.css","valueType":"string"}
{"kind":"ObjectId","message":"Cast to ObjectId failed for value \"client.js\" (type string) at path \"_id\" for model \"products\"","name":"CastError","path":"_id","reason":{},"stringValue":"\"client.js\"","value":"client.js","valueType":"string"}
{"kind":"ObjectId","message":"Cast to ObjectId failed for value \"styles.css\" (type string) at path \"_id\" for model \"products\"","name":"CastError","path":"_id","reason":{},"stringValue":"\"styles.css\"","value":"styles.css","valueType":"string"}
{"kind":"ObjectId","message":"Cast to ObjectId failed for value \"client.js\" (type string) at path \"_id\" for model \"products\"","name":"CastError","path":"_id","reason":{},"stringValue":"\"client.js\"","value":"client.js","valueType":"string"}
{"kind":"ObjectId","message":"Cast to ObjectId failed for value \"styles.css\" (type string) at path \"_id\" for model \"products\"","name":"CastError","path":"_id","reason":{},"stringValue":"\"styles.css\"","value":"styles.css","valueType":"string"}
{"kind":"ObjectId","message":"Cast to ObjectId failed for value \"client.js\" (type string) at path \"_id\" for model \"products\"","name":"CastError","path":"_id","reason":{},"stringValue":"\"client.js\"","value":"client.js","valueType":"string"}
{"kind":"ObjectId","message":"Cast to ObjectId failed for value \"client.js\" (type string) at path \"_id\" for model \"products\"","name":"CastError","path":"_id","reason":{},"stringValue":"\"client.js\"","value":"client.js","valueType":"string"}
{"kind":"ObjectId","message":"Cast to ObjectId failed for value \"styles.css\" (type string) at path \"_id\" for model \"products\"","name":"CastError","path":"_id","reason":{},"stringValue":"\"styles.css\"","value":"styles.css","valueType":"string"}
{"kind":"ObjectId","message":"Cast to ObjectId failed for value \"styles.css\" (type string) at path \"_id\" for model \"products\"","name":"CastError","path":"_id","reason":{},"stringValue":"\"styles.css\"","value":"styles.css","valueType":"string"}
{"kind":"ObjectId","message":"Cast to ObjectId failed for value \"client.js\" (type string) at path \"_id\" for model \"products\"","name":"CastError","path":"_id","reason":{},"stringValue":"\"client.js\"","value":"client.js","valueType":"string"}
{"kind":"ObjectId","message":"Cast to ObjectId failed for value \"client.js\" (type string) at path \"_id\" for model \"products\"","name":"CastError","path":"_id","reason":{},"stringValue":"\"client.js\"","value":"client.js","valueType":"string"}
{"kind":"ObjectId","message":"Cast to ObjectId failed for value \"client.js\" (type string) at path \"_id\" for model \"products\"","name":"CastError","path":"_id","reason":{},"stringValue":"\"client.js\"","value":"client.js","valueType":"string"}
{"level":"error","message":"getByCategory Cannot access 'products' before initialization"}
{"level":"error","message":"getByCategory Cannot access 'products' before initialization"}
{"level":"error","message":"getByCategory products.filter is not a function"}
{"level":"error","message":"getByCategory prods is not defined"}
{"level":"error","message":"getByCategory prods is not defined"}
{"level":"error","message":"getByCategory prods is not defined"}
{"level":"error","message":"getByCategory filteredProds is not defined"}
{"level":"error","message":"getByCategory filteredProds is not defined"}
{"code":20003,"level":"error","moreInfo":"https://www.twilio.com/docs/errors/20003","status":401}
{"code":20003,"level":"error","moreInfo":"https://www.twilio.com/docs/errors/20003","status":401}
